<?xml version="1.0" encoding="UTF-8"?>
<testng-results ignored="0" total="1" passed="1" failed="0" skipped="0">
  <reporter-output>
  </reporter-output>
  <suite started-at="2024-02-28T17:46:10 CLST" name="Default suite" finished-at="2024-02-28T17:46:44 CLST" duration-ms="34287">
    <groups>
    </groups>
    <test started-at="2024-02-28T17:46:10 CLST" name="Default test" finished-at="2024-02-28T17:46:44 CLST" duration-ms="34287">
      <class name="rahulshettyacademy.ExtentReports.ExtentReportDemo">
        <test-method is-config="true" signature="config()[pri:0, instance:rahulshettyacademy.ExtentReports.ExtentReportDemo@3349e9bb]" started-at="2024-02-28T17:46:10 CLST" name="config" finished-at="2024-02-28T17:46:10 CLST" duration-ms="412" status="PASS">
          <reporter-output>
          </reporter-output>
        </test-method> <!-- config -->
        <test-method signature="initialDemo()[pri:0, instance:rahulshettyacademy.ExtentReports.ExtentReportDemo@3349e9bb]" started-at="2024-02-28T17:46:10 CLST" name="initialDemo" finished-at="2024-02-28T17:46:44 CLST" duration-ms="33819" status="PASS">
          <reporter-output>
          </reporter-output>
        </test-method> <!-- initialDemo -->
      </class> <!-- rahulshettyacademy.ExtentReports.ExtentReportDemo -->
    </test> <!-- Default test -->
  </suite> <!-- Default suite -->
</testng-results>
