<?xml version="1.0" encoding="UTF-8"?>
<testng-results ignored="0" total="2" passed="2" failed="0" skipped="0">
  <reporter-output>
  </reporter-output>
  <suite started-at="2024-04-18T12:14:30 CLT" name="Default suite" finished-at="2024-04-18T12:14:30 CLT" duration-ms="69">
    <groups>
    </groups>
    <test started-at="2024-04-18T12:14:30 CLT" name="Default test" finished-at="2024-04-18T12:14:30 CLT" duration-ms="69">
      <class name="rahulshettyacademy.ExtentReports.AppTest">
        <test-method signature="testNumberOne()[pri:0, instance:rahulshettyacademy.ExtentReports.AppTest@16293aa2]" started-at="2024-04-18T12:14:30 CLT" name="testNumberOne" finished-at="2024-04-18T12:14:30 CLT" duration-ms="10" status="PASS">
          <reporter-output>
          </reporter-output>
        </test-method> <!-- testNumberOne -->
        <test-method signature="testNumberTwo()[pri:0, instance:rahulshettyacademy.ExtentReports.AppTest@16293aa2]" started-at="2024-04-18T12:14:30 CLT" name="testNumberTwo" finished-at="2024-04-18T12:14:30 CLT" duration-ms="3" status="PASS">
          <reporter-output>
          </reporter-output>
        </test-method> <!-- testNumberTwo -->
      </class> <!-- rahulshettyacademy.ExtentReports.AppTest -->
    </test> <!-- Default test -->
  </suite> <!-- Default suite -->
</testng-results>
